Determining if the Q_WS_X11 exist failed with the following output:
Change Dir: /Users/zian/Proyectos/US_Probe_Calibration/build_xcode/CMakeFiles/CMakeTmp

Run Build Command:/Applications/CMake\ 2.8-5.app/Contents/bin/cmakexbuild -project CMAKE_TRY_COMPILE.xcodeproj build -target cmTryCompileExec -configuration Debug
** BUILD FAILED **


The following build commands failed:
	CompileC CMAKE_TRY_COMPILE.build/Debug/cmTryCompileExec.build/Objects-normal/x86_64/CheckSymbolExists.o CheckSymbolExists.c normal x86_64 c com.apple.compilers.llvm.clang.1_0.compiler
(1 failure)
=== BUILD NATIVE TARGET cmTryCompileExec OF PROJECT CMAKE_TRY_COMPILE WITH CONFIGURATION Debug ===
Check dependencies

PhaseScriptExecution "CMake ReRun" CMAKE_TRY_COMPILE.build/Debug/cmTryCompileExec.build/Script-101B980101B980101B980000.sh
    cd /Users/zian/Proyectos/US_Probe_Calibration/build_xcode/CMakeFiles/CMakeTmp
    /bin/sh -c /Users/zian/Proyectos/US_Probe_Calibration/build_xcode/CMakeFiles/CMakeTmp/CMAKE_TRY_COMPILE.build/Debug/cmTryCompileExec.build/Script-101B980101B980101B980000.sh
make: `CMakeFiles/cmake.check_cache' is up to date.

CompileC CMAKE_TRY_COMPILE.build/Debug/cmTryCompileExec.build/Objects-normal/x86_64/CheckSymbolExists.o CheckSymbolExists.c normal x86_64 c com.apple.compilers.llvm.clang.1_0.compiler
    cd /Users/zian/Proyectos/US_Probe_Calibration/build_xcode/CMakeFiles/CMakeTmp
    /Developer/usr/bin/clang -x c -arch x86_64 -fmessage-length=0 -fdiagnostics-print-source-range-info -fdiagnostics-show-category=id -fdiagnostics-parseable-fixits -Wno-trigraphs -fpascal-strings -O0 -Wno-return-type -Wparentheses -Wswitch -Wno-unused-parameter -Wno-unused-variable -Wunused-value -Wno-shorten-64-to-32 "-DCMAKE_INTDIR=\"Debug\"" -isysroot /Developer/SDKs/MacOSX10.6.sdk -fasm-blocks -mmacosx-version-min=10.6 -gdwarf-2 -Wno-sign-conversion -I/Users/zian/Proyectos/US_Probe_Calibration/build_xcode/CMakeFiles/CMakeTmp/Debug/include -I/opt/QtSDK/Desktop/Qt/474/gcc/include -I/Users/zian/Proyectos/US_Probe_Calibration/build_xcode/CMakeFiles/CMakeTmp/CMAKE_TRY_COMPILE.build/Debug/cmTryCompileExec.build/DerivedSources/x86_64 -I/Users/zian/Proyectos/US_Probe_Calibration/build_xcode/CMakeFiles/CMakeTmp/CMAKE_TRY_COMPILE.build/Debug/cmTryCompileExec.build/DerivedSources -Wmost -Wno-four-char-constants -Wno-unknown-pragmas -F/Users/zian/Proyectos/US_Probe_Calibration/build_xcode/CMakeFiles/CMakeTmp/Debug -Wall -Wno-uninitialized -Wno-unused-parameter -no-cpp-precomp -MMD -MT dependencies -MF /Users/zian/Proyectos/US_Probe_Calibration/build_xcode/CMakeFiles/CMakeTmp/CMAKE_TRY_COMPILE.build/Debug/cmTryCompileExec.build/Objects-normal/x86_64/CheckSymbolExists.d -c /Users/zian/Proyectos/US_Probe_Calibration/build_xcode/CMakeFiles/CMakeTmp/CheckSymbolExists.c -o /Users/zian/Proyectos/US_Probe_Calibration/build_xcode/CMakeFiles/CMakeTmp/CMAKE_TRY_COMPILE.build/Debug/cmTryCompileExec.build/Objects-normal/x86_64/CheckSymbolExists.o
clang: warning: argument unused during compilation: '-no-cpp-precomp'
In file included from /Users/zian/Proyectos/US_Probe_Calibration/build_xcode/CMakeFiles/CMakeTmp/CheckSymbolExists.c:2:
/opt/QtSDK/Desktop/Qt/474/gcc/include/QtCore/qglobal.h:320:6: warning: #warning "This version of Mac OS X is unsupported" [-W#warnings,7]
 #    warning "This version of Mac OS X is unsupported"
      ^
/Users/zian/Proyectos/US_Probe_Calibration/build_xcode/CMakeFiles/CMakeTmp/CheckSymbolExists.c:8:25: error: use of undeclared identifier 'Q_WS_X11' [3]
   cmakeRequireSymbol(0,&Q_WS_X11);
                         ^
1 warning and 1 error generated.



File /Users/zian/Proyectos/US_Probe_Calibration/build_xcode/CMakeFiles/CMakeTmp/CheckSymbolExists.c:
/* */
#include <QtCore/qglobal.h>

void cmakeRequireSymbol(int dummy,...){(void)dummy;}
int main()
{
#ifndef Q_WS_X11
  cmakeRequireSymbol(0,&Q_WS_X11);
#endif
  return 0;
}

Determining if the Q_WS_WIN exist failed with the following output:
Change Dir: /Users/zian/Proyectos/US_Probe_Calibration/build_xcode/CMakeFiles/CMakeTmp

Run Build Command:/Applications/CMake\ 2.8-5.app/Contents/bin/cmakexbuild -project CMAKE_TRY_COMPILE.xcodeproj build -target cmTryCompileExec -configuration Debug
** BUILD FAILED **


The following build commands failed:
	CompileC CMAKE_TRY_COMPILE.build/Debug/cmTryCompileExec.build/Objects-normal/x86_64/CheckSymbolExists.o CheckSymbolExists.c normal x86_64 c com.apple.compilers.llvm.clang.1_0.compiler
(1 failure)
=== BUILD NATIVE TARGET cmTryCompileExec OF PROJECT CMAKE_TRY_COMPILE WITH CONFIGURATION Debug ===
Check dependencies

PhaseScriptExecution "CMake ReRun" CMAKE_TRY_COMPILE.build/Debug/cmTryCompileExec.build/Script-101B980101B980101B980000.sh
    cd /Users/zian/Proyectos/US_Probe_Calibration/build_xcode/CMakeFiles/CMakeTmp
    /bin/sh -c /Users/zian/Proyectos/US_Probe_Calibration/build_xcode/CMakeFiles/CMakeTmp/CMAKE_TRY_COMPILE.build/Debug/cmTryCompileExec.build/Script-101B980101B980101B980000.sh
make: `CMakeFiles/cmake.check_cache' is up to date.

CompileC CMAKE_TRY_COMPILE.build/Debug/cmTryCompileExec.build/Objects-normal/x86_64/CheckSymbolExists.o CheckSymbolExists.c normal x86_64 c com.apple.compilers.llvm.clang.1_0.compiler
    cd /Users/zian/Proyectos/US_Probe_Calibration/build_xcode/CMakeFiles/CMakeTmp
    /Developer/usr/bin/clang -x c -arch x86_64 -fmessage-length=0 -fdiagnostics-print-source-range-info -fdiagnostics-show-category=id -fdiagnostics-parseable-fixits -Wno-trigraphs -fpascal-strings -O0 -Wno-return-type -Wparentheses -Wswitch -Wno-unused-parameter -Wno-unused-variable -Wunused-value -Wno-shorten-64-to-32 "-DCMAKE_INTDIR=\"Debug\"" -isysroot /Developer/SDKs/MacOSX10.6.sdk -fasm-blocks -mmacosx-version-min=10.6 -gdwarf-2 -Wno-sign-conversion -I/Users/zian/Proyectos/US_Probe_Calibration/build_xcode/CMakeFiles/CMakeTmp/Debug/include -I/opt/QtSDK/Desktop/Qt/474/gcc/include -I/Users/zian/Proyectos/US_Probe_Calibration/build_xcode/CMakeFiles/CMakeTmp/CMAKE_TRY_COMPILE.build/Debug/cmTryCompileExec.build/DerivedSources/x86_64 -I/Users/zian/Proyectos/US_Probe_Calibration/build_xcode/CMakeFiles/CMakeTmp/CMAKE_TRY_COMPILE.build/Debug/cmTryCompileExec.build/DerivedSources -Wmost -Wno-four-char-constants -Wno-unknown-pragmas -F/Users/zian/Proyectos/US_Probe_Calibration/build_xcode/CMakeFiles/CMakeTmp/Debug -Wall -Wno-uninitialized -Wno-unused-parameter -no-cpp-precomp -MMD -MT dependencies -MF /Users/zian/Proyectos/US_Probe_Calibration/build_xcode/CMakeFiles/CMakeTmp/CMAKE_TRY_COMPILE.build/Debug/cmTryCompileExec.build/Objects-normal/x86_64/CheckSymbolExists.d -c /Users/zian/Proyectos/US_Probe_Calibration/build_xcode/CMakeFiles/CMakeTmp/CheckSymbolExists.c -o /Users/zian/Proyectos/US_Probe_Calibration/build_xcode/CMakeFiles/CMakeTmp/CMAKE_TRY_COMPILE.build/Debug/cmTryCompileExec.build/Objects-normal/x86_64/CheckSymbolExists.o
clang: warning: argument unused during compilation: '-no-cpp-precomp'
In file included from /Users/zian/Proyectos/US_Probe_Calibration/build_xcode/CMakeFiles/CMakeTmp/CheckSymbolExists.c:2:
/opt/QtSDK/Desktop/Qt/474/gcc/include/QtCore/qglobal.h:320:6: warning: #warning "This version of Mac OS X is unsupported" [-W#warnings,7]
 #    warning "This version of Mac OS X is unsupported"
      ^
/Users/zian/Proyectos/US_Probe_Calibration/build_xcode/CMakeFiles/CMakeTmp/CheckSymbolExists.c:8:25: error: use of undeclared identifier 'Q_WS_WIN' [3]
   cmakeRequireSymbol(0,&Q_WS_WIN);
                         ^
1 warning and 1 error generated.



File /Users/zian/Proyectos/US_Probe_Calibration/build_xcode/CMakeFiles/CMakeTmp/CheckSymbolExists.c:
/* */
#include <QtCore/qglobal.h>

void cmakeRequireSymbol(int dummy,...){(void)dummy;}
int main()
{
#ifndef Q_WS_WIN
  cmakeRequireSymbol(0,&Q_WS_WIN);
#endif
  return 0;
}

Determining if the Q_WS_QWS exist failed with the following output:
Change Dir: /Users/zian/Proyectos/US_Probe_Calibration/build_xcode/CMakeFiles/CMakeTmp

Run Build Command:/Applications/CMake\ 2.8-5.app/Contents/bin/cmakexbuild -project CMAKE_TRY_COMPILE.xcodeproj build -target cmTryCompileExec -configuration Debug
** BUILD FAILED **


The following build commands failed:
	CompileC CMAKE_TRY_COMPILE.build/Debug/cmTryCompileExec.build/Objects-normal/x86_64/CheckSymbolExists.o CheckSymbolExists.c normal x86_64 c com.apple.compilers.llvm.clang.1_0.compiler
(1 failure)
=== BUILD NATIVE TARGET cmTryCompileExec OF PROJECT CMAKE_TRY_COMPILE WITH CONFIGURATION Debug ===
Check dependencies

PhaseScriptExecution "CMake ReRun" CMAKE_TRY_COMPILE.build/Debug/cmTryCompileExec.build/Script-101BB50101BB50101BB50000.sh
    cd /Users/zian/Proyectos/US_Probe_Calibration/build_xcode/CMakeFiles/CMakeTmp
    /bin/sh -c /Users/zian/Proyectos/US_Probe_Calibration/build_xcode/CMakeFiles/CMakeTmp/CMAKE_TRY_COMPILE.build/Debug/cmTryCompileExec.build/Script-101BB50101BB50101BB50000.sh
make: `CMakeFiles/cmake.check_cache' is up to date.

CompileC CMAKE_TRY_COMPILE.build/Debug/cmTryCompileExec.build/Objects-normal/x86_64/CheckSymbolExists.o CheckSymbolExists.c normal x86_64 c com.apple.compilers.llvm.clang.1_0.compiler
    cd /Users/zian/Proyectos/US_Probe_Calibration/build_xcode/CMakeFiles/CMakeTmp
    /Developer/usr/bin/clang -x c -arch x86_64 -fmessage-length=0 -fdiagnostics-print-source-range-info -fdiagnostics-show-category=id -fdiagnostics-parseable-fixits -Wno-trigraphs -fpascal-strings -O0 -Wno-return-type -Wparentheses -Wswitch -Wno-unused-parameter -Wno-unused-variable -Wunused-value -Wno-shorten-64-to-32 "-DCMAKE_INTDIR=\"Debug\"" -isysroot /Developer/SDKs/MacOSX10.6.sdk -fasm-blocks -mmacosx-version-min=10.6 -gdwarf-2 -Wno-sign-conversion -I/Users/zian/Proyectos/US_Probe_Calibration/build_xcode/CMakeFiles/CMakeTmp/Debug/include -I/opt/QtSDK/Desktop/Qt/474/gcc/include -I/Users/zian/Proyectos/US_Probe_Calibration/build_xcode/CMakeFiles/CMakeTmp/CMAKE_TRY_COMPILE.build/Debug/cmTryCompileExec.build/DerivedSources/x86_64 -I/Users/zian/Proyectos/US_Probe_Calibration/build_xcode/CMakeFiles/CMakeTmp/CMAKE_TRY_COMPILE.build/Debug/cmTryCompileExec.build/DerivedSources -Wmost -Wno-four-char-constants -Wno-unknown-pragmas -F/Users/zian/Proyectos/US_Probe_Calibration/build_xcode/CMakeFiles/CMakeTmp/Debug -Wall -Wno-uninitialized -Wno-unused-parameter -no-cpp-precomp -MMD -MT dependencies -MF /Users/zian/Proyectos/US_Probe_Calibration/build_xcode/CMakeFiles/CMakeTmp/CMAKE_TRY_COMPILE.build/Debug/cmTryCompileExec.build/Objects-normal/x86_64/CheckSymbolExists.d -c /Users/zian/Proyectos/US_Probe_Calibration/build_xcode/CMakeFiles/CMakeTmp/CheckSymbolExists.c -o /Users/zian/Proyectos/US_Probe_Calibration/build_xcode/CMakeFiles/CMakeTmp/CMAKE_TRY_COMPILE.build/Debug/cmTryCompileExec.build/Objects-normal/x86_64/CheckSymbolExists.o
clang: warning: argument unused during compilation: '-no-cpp-precomp'
In file included from /Users/zian/Proyectos/US_Probe_Calibration/build_xcode/CMakeFiles/CMakeTmp/CheckSymbolExists.c:2:
/opt/QtSDK/Desktop/Qt/474/gcc/include/QtCore/qglobal.h:320:6: warning: #warning "This version of Mac OS X is unsupported" [-W#warnings,7]
 #    warning "This version of Mac OS X is unsupported"
      ^
/Users/zian/Proyectos/US_Probe_Calibration/build_xcode/CMakeFiles/CMakeTmp/CheckSymbolExists.c:8:25: error: use of undeclared identifier 'Q_WS_QWS' [3]
   cmakeRequireSymbol(0,&Q_WS_QWS);
                         ^
1 warning and 1 error generated.



File /Users/zian/Proyectos/US_Probe_Calibration/build_xcode/CMakeFiles/CMakeTmp/CheckSymbolExists.c:
/* */
#include <QtCore/qglobal.h>

void cmakeRequireSymbol(int dummy,...){(void)dummy;}
int main()
{
#ifndef Q_WS_QWS
  cmakeRequireSymbol(0,&Q_WS_QWS);
#endif
  return 0;
}

